<?xml version="1.0" encoding="UTF-8"?>
<testsuite name="hu.vadasz.peter.knockdetector.Detector.AudioRecorderTest" tests="2" skipped="0" failures="0" errors="0" timestamp="2018-05-06T23:15:35" hostname="DESKTOP-GBLJLQR" time="0.416">
  <properties/>
  <testcase name="testAudioRecorder_ShouldReturnWithKnocks" classname="hu.vadasz.peter.knockdetector.Detector.AudioRecorderTest" time="0.203"/>
  <testcase name="testAudioRecorder_ShouldReturnWithNoKnocks" classname="hu.vadasz.peter.knockdetector.Detector.AudioRecorderTest" time="0.212"/>
  <system-out><![CDATA[]]></system-out>
  <system-err><![CDATA[]]></system-err>
</testsuite>
