<?xml version="1.0" encoding="UTF-8"?>
<testsuite name="hu.vadasz.peter.knockmessenger.Controllers.Validators.InternetConnectionValidatorTest" tests="2" skipped="0" failures="0" errors="0" timestamp="2018-05-15T00:21:16" hostname="DESKTOP-GBLJLQR" time="0.006">
  <properties/>
  <testcase name="testValidateConnection_ShouldReturnFalse" classname="hu.vadasz.peter.knockmessenger.Controllers.Validators.InternetConnectionValidatorTest" time="0.004"/>
  <testcase name="testValidateConnection_ShouldReturnTrue" classname="hu.vadasz.peter.knockmessenger.Controllers.Validators.InternetConnectionValidatorTest" time="0.001"/>
  <system-out><![CDATA[]]></system-out>
  <system-err><![CDATA[]]></system-err>
</testsuite>
