<?xml version="1.0" encoding="UTF-8"?>
<testsuite name="hu.vadasz.peter.knockmessenger.Controllers.MessageDetectingControllerTest" tests="2" skipped="0" failures="0" errors="0" timestamp="2018-05-13T14:19:47" hostname="DESKTOP-GBLJLQR" time="0.267">
  <properties/>
  <testcase name="testStopDecoder_decoderShouldNotBeRunning" classname="hu.vadasz.peter.knockmessenger.Controllers.MessageDetectingControllerTest" time="0.261"/>
  <testcase name="testStartDecoder_decoderShouldBeRunning" classname="hu.vadasz.peter.knockmessenger.Controllers.MessageDetectingControllerTest" time="0.006"/>
  <system-out><![CDATA[]]></system-out>
  <system-err><![CDATA[]]></system-err>
</testsuite>
