<?xml version="1.0" encoding="UTF-8"?>
<testsuite name="hu.vadasz.peter.knockmessenger.Controllers.MessageDetectingControllerTest" tests="2" skipped="0" failures="0" errors="0" timestamp="2018-05-15T00:21:15" hostname="DESKTOP-GBLJLQR" time="0.252">
  <properties/>
  <testcase name="testStopDecoder_decoderShouldNotBeRunning" classname="hu.vadasz.peter.knockmessenger.Controllers.MessageDetectingControllerTest" time="0.241"/>
  <testcase name="testStartDecoder_decoderShouldBeRunning" classname="hu.vadasz.peter.knockmessenger.Controllers.MessageDetectingControllerTest" time="0.008"/>
  <system-out><![CDATA[]]></system-out>
  <system-err><![CDATA[]]></system-err>
</testsuite>
