<?xml version="1.0" encoding="UTF-8"?>
<testsuite name="hu.vadasz.peter.morsecodedecoder.ExampleUnitTest" tests="1" skipped="0" failures="0" errors="0" timestamp="2018-03-30T14:50:39" hostname="DESKTOP-GBLJLQR" time="0.001">
  <properties/>
  <testcase name="addition_isCorrect" classname="hu.vadasz.peter.morsecodedecoder.ExampleUnitTest" time="0.001"/>
  <system-out><![CDATA[]]></system-out>
  <system-err><![CDATA[]]></system-err>
</testsuite>
